[hendry@t480s schemas]$ skeema diff --allow-unsafe                                                                                                             
2019-08-30 16:33:12 [INFO]  Generating diff of auroradb.dev.unee-t.com:3306 bugzilla vs /home/hendry/unee-t/skeema/schemas/bugzilla/*.sql                      
-- instance: auroradb.dev.unee-t.com:3306                                      
USE `bugzilla`;                        
DROP PROCEDURE `unit_enable_existing`; 
DROP PROCEDURE `update_permissions_invited_user`;                              
DROP PROCEDURE `update_list_changes_new_assignee_is_real`;                     
DROP PROCEDURE `capture_id_dummy_user`;                                        
DROP PROCEDURE `unit_create_with_dummy_users`;                                 
DROP PROCEDURE `unit_disable_existing`;                                        
DROP PROCEDURE `remove_user_from_default_cc`;                                  
DROP PROCEDURE `user_is_default_assignee_for_cases`;                           
DROP PROCEDURE `add_user_to_role_in_unit`;                                     
DROP PROCEDURE `remove_user_from_role`;                                        
2019-08-30 16:33:12 [INFO]  auroradb.dev.unee-t.com:3306 bugzilla: diff complete                                                                               
                                       
2019-08-30 16:33:12 [INFO]  Generating diff of auroradb.dev.unee-t.com:3306 rest_api_example vs /home/hendry/unee-t/skeema/schemas/rest_api_example/*.sql      
2019-08-30 16:33:12 [INFO]  auroradb.dev.unee-t.com:3306 rest_api_example: No differences found                                                                
                                       
2019-08-30 16:33:12 [INFO]  Generating diff of auroradb.dev.unee-t.com:3306 testing vs /home/hendry/unee-t/skeema/schemas/testing/*.sql                        
2019-08-30 16:33:12 [INFO]  auroradb.dev.unee-t.com:3306 testing: No differences found                                                                         
                                       
2019-08-30 16:33:12 [INFO]  Generating diff of auroradb.dev.unee-t.com:3306 unee_t_enterprise vs /home/hendry/unee-t/skeema/schemas/unee_t_enterprise/*.sql    
2019-08-30 16:33:13 [WARN]  Skipping table `missing_L2P_step_3`: unable to generate DDL due to use of unsupported features. Use --debug for more information.  
USE `unee_t_enterprise`;               
DROP PROCEDURE `ut_retry_create_unit_level_3`;                                 
DROP PROCEDURE `ut_update_user`;       
DROP PROCEDURE `ut_retry_create_unit_level_1`;                                 
DROP PROCEDURE `ut_retry_create_unit_level_2`;                                 
DROP PROCEDURE `ut_retry_assign_user_to_units_error_already_has_role`;         
DROP PROCEDURE `ut_retry_assign_user_to_units_error_ownership`;                
DROP PROCEDURE `ut_bulk_assign_units_to_a_user`;                               
2019-08-30 16:33:13 [INFO]  auroradb.dev.unee-t.com:3306 unee_t_enterprise: diff complete                                                                      
                                       
2019-08-30 16:33:13 [WARN]  Skipped 1 operation due to unsupported feature     
[hendry@t480s schemas]$                
