2019-08-30 16:30:17 [INFO]  Using host dir /home/hendry/unee-t/skeema/schemas for auroradb.dev.unee-t.com:3306                                                 
                                       
2019-08-30 16:30:17 [INFO]  Populating /home/hendry/unee-t/skeema/schemas/bugzilla                                                                             
2019-08-30 16:30:17 [INFO]  Wrote /home/hendry/unee-t/skeema/schemas/bugzilla/lambda_notification_case_assignee_updated.sql (1608 bytes)                       
2019-08-30 16:30:17 [INFO]  Wrote /home/hendry/unee-t/skeema/schemas/bugzilla/show_to_contractor.sql (2375 bytes)                                              
2019-08-30 16:30:17 [INFO]  Wrote /home/hendry/unee-t/skeema/schemas/bugzilla/ts_funcmap.sql (298 bytes)                                                       
2019-08-30 16:30:17 [INFO]  Wrote /home/hendry/unee-t/skeema/schemas/bugzilla/ut_contractor_types.sql (696 bytes)                                              
2019-08-30 16:30:17 [INFO]  Wrote /home/hendry/unee-t/skeema/schemas/bugzilla/are_users_agent.sql (2266 bytes)                                                 
2019-08-30 16:30:17 [INFO]  Wrote /home/hendry/unee-t/skeema/schemas/bugzilla/update_assignee_if_dummy_user.sql (3632 bytes)                                   
2019-08-30 16:30:17 [INFO]  Wrote /home/hendry/unee-t/skeema/schemas/bugzilla/email_bug_ignore.sql (613 bytes)                                                 
2019-08-30 16:30:17 [INFO]  Wrote /home/hendry/unee-t/skeema/schemas/bugzilla/default_agent_see_users_agent.sql (2313 bytes)                                   
2019-08-30 16:30:17 [INFO]  Wrote /home/hendry/unee-t/skeema/schemas/bugzilla/default_tenant_can_see_tenant.sql (2309 bytes)                                   
2019-08-30 16:30:17 [INFO]  Wrote /home/hendry/unee-t/skeema/schemas/bugzilla/change_case_assignee.sql (2328 bytes)                                            
2019-08-30 16:30:17 [INFO]  Wrote /home/hendry/unee-t/skeema/schemas/bugzilla/profiles.sql (838 bytes)                                                         
2019-08-30 16:30:17 [INFO]  Wrote /home/hendry/unee-t/skeema/schemas/bugzilla/ut_data_to_add_user_to_a_role.sql (2581 bytes)                                   
2019-08-30 16:30:17 [INFO]  Wrote /home/hendry/unee-t/skeema/schemas/bugzilla/bugs_fulltext.sql (556 bytes)                                                    
2019-08-30 16:30:17 [INFO]  Wrote /home/hendry/unee-t/skeema/schemas/bugzilla/ut_data_to_create_units.sql (2744 bytes)                                         
2019-08-30 16:30:17 [ERROR] procedure `remove_user_from_default_cc` is unexpectedly not able to be parsed by Skeema -- please file a bug at                    
                            https://github.com/skeema/skeema/issues/new        
2019-08-30 16:30:17 [ERROR] procedure `unit_create_with_dummy_users` is unexpectedly not able to be parsed by Skeema -- please file a bug at                   
                            https://github.com/skeema/skeema/issues/new        
2019-08-30 16:30:17 [INFO]  Wrote /home/hendry/unee-t/skeema/schemas/bugzilla/resolution.sql (564 bytes)                                                       
2019-08-30 16:30:17 [INFO]  Wrote /home/hendry/unee-t/skeema/schemas/bugzilla/cf_ipi_clust_3_roadbook_for.sql (632 bytes)                                      
2019-08-30 16:30:17 [INFO]  Wrote /home/hendry/unee-t/skeema/schemas/bugzilla/bug_group_map.sql (582 bytes)                                                    
2019-08-30 16:30:17 [INFO]  Wrote /home/hendry/unee-t/skeema/schemas/bugzilla/can_create_shared_queries.sql (2032 bytes)                                       
2019-08-30 16:30:17 [INFO]  Wrote /home/hendry/unee-t/skeema/schemas/bugzilla/ts_error.sql (431 bytes)                                                         
2019-08-30 16:30:17 [INFO]  Wrote /home/hendry/unee-t/skeema/schemas/bugzilla/components.sql (1200 bytes)                                                      
2019-08-30 16:30:17 [INFO]  Wrote /home/hendry/unee-t/skeema/schemas/bugzilla/default_landlord_see_users_landlord.sql (2335 bytes)                             
2019-08-30 16:30:17 [INFO]  Wrote /home/hendry/unee-t/skeema/schemas/bugzilla/is_tenant.sql (2300 bytes)                                                       
2019-08-30 16:30:17 [INFO]  Wrote /home/hendry/unee-t/skeema/schemas/bugzilla/can_edit_a_case.sql (2246 bytes)                                                 
2019-08-30 16:30:17 [INFO]  Wrote /home/hendry/unee-t/skeema/schemas/bugzilla/bugs_aliases.sql (443 bytes)                                                     
2019-08-30 16:30:17 [INFO]  Wrote /home/hendry/unee-t/skeema/schemas/bugzilla/bugs_activity.sql (1703 bytes)                                                   
2019-08-30 16:30:17 [INFO]  Wrote /home/hendry/unee-t/skeema/schemas/bugzilla/cf_ipi_clust_3_action_type.sql (628 bytes)                                       
2019-08-30 16:30:17 [INFO]  Wrote /home/hendry/unee-t/skeema/schemas/bugzilla/bug_status.sql (609 bytes)                                                       
2019-08-30 16:30:17 [INFO]  Wrote /home/hendry/unee-t/skeema/schemas/bugzilla/can_tag_comment.sql (1923 bytes)                                                 
2019-08-30 16:30:17 [INFO]  Wrote /home/hendry/unee-t/skeema/schemas/bugzilla/update_log_count_closed_case.sql (917 bytes)                                     
2019-08-30 16:30:17 [INFO]  Wrote /home/hendry/unee-t/skeema/schemas/bugzilla/user_can_see_publicly_visible.sql (2643 bytes)                                   
2019-08-30 16:30:17 [INFO]  Wrote /home/hendry/unee-t/skeema/schemas/bugzilla/priority.sql (556 bytes)                                                         
2019-08-30 16:30:17 [INFO]  Wrote /home/hendry/unee-t/skeema/schemas/bugzilla/ut_notification_case_invited.sql (2051 bytes)                                    
2019-08-30 16:30:17 [INFO]  Wrote /home/hendry/unee-t/skeema/schemas/bugzilla/ut_data_to_add_user_to_a_case.sql (1987 bytes)                                   
2019-08-30 16:30:17 [INFO]  Wrote /home/hendry/unee-t/skeema/schemas/bugzilla/can_ask_to_approve_flags.sql (2286 bytes)                                        
2019-08-30 16:30:17 [INFO]  Wrote /home/hendry/unee-t/skeema/schemas/bugzilla/bz_schema.sql (168 bytes)                                                        
2019-08-30 16:30:17 [INFO]  Wrote /home/hendry/unee-t/skeema/schemas/bugzilla/ut_map_user_unit_details.sql (3579 bytes)                                        
2019-08-30 16:30:17 [INFO]  Wrote /home/hendry/unee-t/skeema/schemas/bugzilla/create_temp_table_to_update_group_permissions.sql (611 bytes)                    
2019-08-30 16:30:17 [INFO]  Wrote /home/hendry/unee-t/skeema/schemas/bugzilla/namedquery_group_map.sql (649 bytes)                                             
2019-08-30 16:30:17 [INFO]  Wrote /home/hendry/unee-t/skeema/schemas/bugzilla/ut_invitation_types.sql (825 bytes)                                              
2019-08-30 16:30:17 [INFO]  Wrote /home/hendry/unee-t/skeema/schemas/bugzilla/bug_user_last_visit.sql (793 bytes)                                              
2019-08-30 16:30:17 [INFO]  Wrote /home/hendry/unee-t/skeema/schemas/bugzilla/flags.sql (1480 bytes)                                                           
2019-08-30 16:30:17 [INFO]  Wrote /home/hendry/unee-t/skeema/schemas/bugzilla/can_approve_all_flags.sql (2254 bytes)                                           
2019-08-30 16:30:17 [INFO]  Wrote /home/hendry/unee-t/skeema/schemas/bugzilla/default_contractor_see_users_contractor.sql (2379 bytes)                         
2019-08-30 16:30:17 [INFO]  Wrote /home/hendry/unee-t/skeema/schemas/bugzilla/user_group_map.sql (725 bytes)                                                   
2019-08-30 16:30:17 [INFO]  Wrote /home/hendry/unee-t/skeema/schemas/bugzilla/ts_note.sql (277 bytes)                                                          
2019-08-30 16:30:17 [INFO]  Wrote /home/hendry/unee-t/skeema/schemas/bugzilla/bug_see_also.sql (557 bytes)                                                     
2019-08-30 16:30:17 [INFO]  Wrote /home/hendry/unee-t/skeema/schemas/bugzilla/whine_queries.sql (679 bytes)                                                    
2019-08-30 16:30:17 [INFO]  Wrote /home/hendry/unee-t/skeema/schemas/bugzilla/cf_ipi_clust_7_spe_payment_type.sql (648 bytes)                                  
2019-08-30 16:30:17 [INFO]  Wrote /home/hendry/unee-t/skeema/schemas/bugzilla/ut_data_to_replace_dummy_roles.sql (2823 bytes)                                  
2019-08-30 16:30:17 [INFO]  Wrote /home/hendry/unee-t/skeema/schemas/bugzilla/bug_cf_ipi_clust_3_roadbook_for.sql (660 bytes)                                  
2019-08-30 16:30:17 [INFO]  Wrote /home/hendry/unee-t/skeema/schemas/bugzilla/quips.sql (527 bytes)                                                            
2019-08-30 16:30:17 [INFO]  Wrote /home/hendry/unee-t/skeema/schemas/bugzilla/update_audit_log.sql (920 bytes)                                                 
2019-08-30 16:30:17 [INFO]  Wrote /home/hendry/unee-t/skeema/schemas/bugzilla/show_to_occupant.sql (2331 bytes)                                                
2019-08-30 16:30:17 [ERROR] procedure `unit_disable_existing` is unexpectedly not able to be parsed by Skeema -- please file a bug at                          
                            https://github.com/skeema/skeema/issues/new        
2019-08-30 16:30:17 [INFO]  Wrote /home/hendry/unee-t/skeema/schemas/bugzilla/series_data.sql (454 bytes)                                                      
2019-08-30 16:30:17 [INFO]  Wrote /home/hendry/unee-t/skeema/schemas/bugzilla/group_control_map.sql (957 bytes)                                                
2019-08-30 16:30:17 [INFO]  Wrote /home/hendry/unee-t/skeema/schemas/bugzilla/namedqueries.sql (547 bytes)                                                     
2019-08-30 16:30:17 [INFO]  Wrote /home/hendry/unee-t/skeema/schemas/bugzilla/op_sys.sql (548 bytes)                                                           
2019-08-30 16:30:17 [INFO]  Wrote /home/hendry/unee-t/skeema/schemas/bugzilla/flagexclusions.sql (921 bytes)                                                   
2019-08-30 16:30:17 [INFO]  Wrote /home/hendry/unee-t/skeema/schemas/bugzilla/profile_search.sql (536 bytes)                                                   
2019-08-30 16:30:17 [INFO]  Wrote /home/hendry/unee-t/skeema/schemas/bugzilla/are_users_landlord.sql (2268 bytes)                                              
2019-08-30 16:30:17 [INFO]  Wrote /home/hendry/unee-t/skeema/schemas/bugzilla/ts_job.sql (709 bytes)                                                           
2019-08-30 16:30:17 [INFO]  Wrote /home/hendry/unee-t/skeema/schemas/bugzilla/ut_data_to_create_units_legacy_before_3_3.sql (2044 bytes)                       
2019-08-30 16:30:17 [INFO]  Wrote /home/hendry/unee-t/skeema/schemas/bugzilla/ut_notification_types.sql (748 bytes)                                            
2019-08-30 16:30:17 [INFO]  Wrote /home/hendry/unee-t/skeema/schemas/bugzilla/bug_severity.sql (572 bytes)                                                     
2019-08-30 16:30:17 [INFO]  Wrote /home/hendry/unee-t/skeema/schemas/bugzilla/flaginclusions.sql (921 bytes)                                                   
2019-08-30 16:30:17 [INFO]  Wrote /home/hendry/unee-t/skeema/schemas/bugzilla/show_to_agent.sql (2340 bytes)                                                   
2019-08-30 16:30:17 [INFO]  Wrote /home/hendry/unee-t/skeema/schemas/bugzilla/default_occupant_can_see_occupant.sql (2301 bytes)                               
2019-08-30 16:30:17 [INFO]  Wrote /home/hendry/unee-t/skeema/schemas/bugzilla/ut_group_types.sql (826 bytes)                                                   
2019-08-30 16:30:17 [INFO]  Wrote /home/hendry/unee-t/skeema/schemas/bugzilla/ut_notification_case_updated.sql (2229 bytes)                                    
2019-08-30 16:30:17 [INFO]  Wrote /home/hendry/unee-t/skeema/schemas/bugzilla/series_categories.sql (296 bytes)                                                
2019-08-30 16:30:17 [INFO]  Wrote /home/hendry/unee-t/skeema/schemas/bugzilla/email_setting.sql (442 bytes)                                                    
2019-08-30 16:30:17 [INFO]  Wrote /home/hendry/unee-t/skeema/schemas/bugzilla/logincookies.sql (588 bytes)                                                     
2019-08-30 16:30:17 [INFO]  Wrote /home/hendry/unee-t/skeema/schemas/bugzilla/profile_setting.sql (744 bytes)                                                  
2019-08-30 16:30:17 [INFO]  Wrote /home/hendry/unee-t/skeema/schemas/bugzilla/ut_map_contractor_to_user.sql (343 bytes)                                        
2019-08-30 16:30:17 [INFO]  Wrote /home/hendry/unee-t/skeema/schemas/bugzilla/category_group_map.sql (659 bytes)                                               
2019-08-30 16:30:17 [INFO]  Wrote /home/hendry/unee-t/skeema/schemas/bugzilla/table_to_list_dummy_user_by_environment.sql (1217 bytes)                         
2019-08-30 16:30:17 [ERROR] procedure `user_is_default_assignee_for_cases` is unexpectedly not able to be parsed by Skeema -- please file a bug at             
                            https://github.com/skeema/skeema/issues/new        
2019-08-30 16:30:17 [ERROR] procedure `capture_id_dummy_user` is unexpectedly not able to be parsed by Skeema -- please file a bug at                          
                            https://github.com/skeema/skeema/issues/new        
2019-08-30 16:30:17 [INFO]  Wrote /home/hendry/unee-t/skeema/schemas/bugzilla/add_invitee_in_cc.sql (1969 bytes)                                               
2019-08-30 16:30:17 [INFO]  Wrote /home/hendry/unee-t/skeema/schemas/bugzilla/can_see_unit_in_search.sql (2331 bytes)                                          
2019-08-30 16:30:17 [INFO]  Wrote /home/hendry/unee-t/skeema/schemas/bugzilla/ut_log_count_enabled_units.sql (572 bytes)                                       
2019-08-30 16:30:17 [INFO]  Wrote /home/hendry/unee-t/skeema/schemas/bugzilla/ut_product_group.sql (1066 bytes)                                                
2019-08-30 16:30:17 [ERROR] procedure `update_permissions_invited_user` is unexpectedly not able to be parsed by Skeema -- please file a bug at                
                            https://github.com/skeema/skeema/issues/new        
2019-08-30 16:30:17 [INFO]  Wrote /home/hendry/unee-t/skeema/schemas/bugzilla/show_to_landlord.sql (2360 bytes)                                                
2019-08-30 16:30:17 [INFO]  Wrote /home/hendry/unee-t/skeema/schemas/bugzilla/lambda_notification_case_new.sql (1273 bytes)                                    
2019-08-30 16:30:17 [INFO]  Wrote /home/hendry/unee-t/skeema/schemas/bugzilla/can_see_all_public_cases.sql (2705 bytes)                                        
2019-08-30 16:30:17 [INFO]  Wrote /home/hendry/unee-t/skeema/schemas/bugzilla/ut_db_schema_version.sql (695 bytes)                                             
2019-08-30 16:30:17 [INFO]  Wrote /home/hendry/unee-t/skeema/schemas/bugzilla/group_group_map.sql (841 bytes)                                                  
2019-08-30 16:30:17 [INFO]  Wrote /home/hendry/unee-t/skeema/schemas/bugzilla/ut_map_invitation_type_to_permission_type.sql (1181 bytes)                       
2019-08-30 16:30:17 [INFO]  Wrote /home/hendry/unee-t/skeema/schemas/bugzilla/cf_ut_org_specific_dd_1.sql (589 bytes)                                          
2019-08-30 16:30:17 [INFO]  Wrote /home/hendry/unee-t/skeema/schemas/bugzilla/cf_ipi_clust_6_claim_type.sql (624 bytes)                                        
2019-08-30 16:30:17 [INFO]  Wrote /home/hendry/unee-t/skeema/schemas/bugzilla/disable_bugmail.sql (2164 bytes)                                                 
2019-08-30 16:30:17 [INFO]  Wrote /home/hendry/unee-t/skeema/schemas/bugzilla/ut_contractors.sql (746 bytes)                                                   
2019-08-30 16:30:17 [INFO]  Wrote /home/hendry/unee-t/skeema/schemas/bugzilla/ts_exitstatus.sql (476 bytes)                                                    
2019-08-30 16:30:17 [INFO]  Wrote /home/hendry/unee-t/skeema/schemas/bugzilla/bug_cf_ipi_clust_9_acct_action.sql (656 bytes)                                   
2019-08-30 16:30:17 [INFO]  Wrote /home/hendry/unee-t/skeema/schemas/bugzilla/field_visibility.sql (417 bytes)                                                 
2019-08-30 16:30:17 [INFO]  Wrote /home/hendry/unee-t/skeema/schemas/bugzilla/is_occupant.sql (2241 bytes)                                                     
2019-08-30 16:30:17 [ERROR] procedure `add_user_to_role_in_unit` is unexpectedly not able to be parsed by Skeema -- please file a bug at                       
                            https://github.com/skeema/skeema/issues/new        
2019-08-30 16:30:17 [INFO]  Wrote /home/hendry/unee-t/skeema/schemas/bugzilla/ut_permission_types.sql (1995 bytes)                                             
2019-08-30 16:30:17 [INFO]  Wrote /home/hendry/unee-t/skeema/schemas/bugzilla/lambda_notification_case_updated.sql (1752 bytes)                                
2019-08-30 16:30:17 [ERROR] procedure `remove_user_from_role` is unexpectedly not able to be parsed by Skeema -- please file a bug at                          
                            https://github.com/skeema/skeema/issues/new        
2019-08-30 16:30:17 [INFO]  Wrote /home/hendry/unee-t/skeema/schemas/bugzilla/testing.sql (274 bytes)                                                          
2019-08-30 16:30:17 [INFO]  Wrote /home/hendry/unee-t/skeema/schemas/bugzilla/audit_log.sql (703 bytes)                                                        
2019-08-30 16:30:17 [INFO]  Wrote /home/hendry/unee-t/skeema/schemas/bugzilla/ut_invitation_api_data.sql (3278 bytes)                                          
2019-08-30 16:30:17 [INFO]  Wrote /home/hendry/unee-t/skeema/schemas/bugzilla/tokens.sql (560 bytes)                                                           
2019-08-30 16:30:17 [INFO]  Wrote /home/hendry/unee-t/skeema/schemas/bugzilla/products.sql (851 bytes)                                                         
2019-08-30 16:30:17 [INFO]  Wrote /home/hendry/unee-t/skeema/schemas/bugzilla/watch.sql (561 bytes)                                                            
2019-08-30 16:30:17 [INFO]  Wrote /home/hendry/unee-t/skeema/schemas/bugzilla/cf_ipi_clust_4_status_standby.sql (640 bytes)                                    
2019-08-30 16:30:17 [INFO]  Wrote /home/hendry/unee-t/skeema/schemas/bugzilla/map_ipi_hmlet_uneet_details.sql (1640 bytes)                                     
2019-08-30 16:30:17 [INFO]  Wrote /home/hendry/unee-t/skeema/schemas/bugzilla/revoke_all_permission_for_this_user_in_this_unit.sql (11538 bytes)               
2019-08-30 16:30:17 [INFO]  Wrote /home/hendry/unee-t/skeema/schemas/bugzilla/can_create_new_cases.sql (2423 bytes)                                            
2019-08-30 16:30:17 [INFO]  Wrote /home/hendry/unee-t/skeema/schemas/bugzilla/ut_role_types.sql (661 bytes)                                                    
2019-08-30 16:30:17 [INFO]  Wrote /home/hendry/unee-t/skeema/schemas/bugzilla/ut_log_count_closed_cases.sql (556 bytes)                                        
2019-08-30 16:30:17 [INFO]  Wrote /home/hendry/unee-t/skeema/schemas/bugzilla/cf_specific_for.sql (584 bytes)                                                  
2019-08-30 16:30:17 [INFO]  Wrote /home/hendry/unee-t/skeema/schemas/bugzilla/ut_audit_log.sql (1003 bytes)                                                    
2019-08-30 16:30:17 [INFO]  Wrote /home/hendry/unee-t/skeema/schemas/bugzilla/whine_events.sql (626 bytes)                                                     
2019-08-30 16:30:17 [INFO]  Wrote /home/hendry/unee-t/skeema/schemas/bugzilla/are_users_mgt_cny.sql (2279 bytes)                                               
2019-08-30 16:30:17 [INFO]  Wrote /home/hendry/unee-t/skeema/schemas/bugzilla/lambda_notification_case_invited.sql (1599 bytes)                                
2019-08-30 16:30:17 [ERROR] procedure `unit_enable_existing` is unexpectedly not able to be parsed by Skeema -- please file a bug at                           
                            https://github.com/skeema/skeema/issues/new        
2019-08-30 16:30:17 [INFO]  Wrote /home/hendry/unee-t/skeema/schemas/bugzilla/user_api_keys.sql (689 bytes)                                                    
2019-08-30 16:30:17 [INFO]  Wrote /home/hendry/unee-t/skeema/schemas/bugzilla/ut_notification_message_new.sql (2174 bytes)                                     
2019-08-30 16:30:17 [INFO]  Wrote /home/hendry/unee-t/skeema/schemas/bugzilla/mail_staging.sql (203 bytes)                                                     
2019-08-30 16:30:17 [INFO]  Wrote /home/hendry/unee-t/skeema/schemas/bugzilla/are_users_contractor.sql (2299 bytes)                                            
2019-08-30 16:30:17 [INFO]  Wrote /home/hendry/unee-t/skeema/schemas/bugzilla/cf_ipi_clust_9_acct_action.sql (628 bytes)                                       
2019-08-30 16:30:17 [INFO]  Wrote /home/hendry/unee-t/skeema/schemas/bugzilla/finalize_invitation_to_a_case.sql (1753 bytes)                                   
2019-08-30 16:30:17 [INFO]  Wrote /home/hendry/unee-t/skeema/schemas/bugzilla/longdescs_tags.sql (509 bytes)                                                   
2019-08-30 16:30:17 [INFO]  Wrote /home/hendry/unee-t/skeema/schemas/bugzilla/longdescs_tags_activity.sql (1147 bytes)                                         
2019-08-30 16:30:17 [INFO]  Wrote /home/hendry/unee-t/skeema/schemas/bugzilla/cf_ipi_clust_4_status_in_progress.sql (656 bytes)                                
2019-08-30 16:30:17 [INFO]  Wrote /home/hendry/unee-t/skeema/schemas/bugzilla/attach_data.sql (381 bytes)                                                      
2019-08-30 16:30:17 [INFO]  Wrote /home/hendry/unee-t/skeema/schemas/bugzilla/default_mgt_cny_see_users_mgt_cny.sql (2328 bytes)                               
2019-08-30 16:30:17 [INFO]  Wrote /home/hendry/unee-t/skeema/schemas/bugzilla/lambda_notification_message_new_comment.sql (1697 bytes)                         
2019-08-30 16:30:17 [INFO]  Wrote /home/hendry/unee-t/skeema/schemas/bugzilla/profiles_activity.sql (1077 bytes)                                               
2019-08-30 16:30:17 [INFO]  Wrote /home/hendry/unee-t/skeema/schemas/bugzilla/show_to_tenant.sql (2396 bytes)                                                  
2019-08-30 16:30:17 [INFO]  Wrote /home/hendry/unee-t/skeema/schemas/bugzilla/create_temp_table_to_update_permissions.sql (727 bytes)                          
2019-08-30 16:30:17 [INFO]  Wrote /home/hendry/unee-t/skeema/schemas/bugzilla/login_failure.sql (442 bytes)                                                    
2019-08-30 16:30:17 [INFO]  Wrote /home/hendry/unee-t/skeema/schemas/bugzilla/fielddefs.sql (1525 bytes)                                                       
2019-08-30 16:30:17 [INFO]  Wrote /home/hendry/unee-t/skeema/schemas/bugzilla/reports.sql (537 bytes)                                                          
2019-08-30 16:30:17 [INFO]  Wrote /home/hendry/unee-t/skeema/schemas/bugzilla/dependencies.sql (592 bytes)                                                     
2019-08-30 16:30:17 [INFO]  Wrote /home/hendry/unee-t/skeema/schemas/bugzilla/longdescs.sql (1037 bytes)                                                       
2019-08-30 16:30:17 [INFO]  Wrote /home/hendry/unee-t/skeema/schemas/bugzilla/user_is_publicly_visible.sql (2357 bytes)                                        
2019-08-30 16:30:17 [INFO]  Wrote /home/hendry/unee-t/skeema/schemas/bugzilla/update_bz_fielddefs.sql (833 bytes)                                              
2019-08-30 16:30:17 [INFO]  Wrote /home/hendry/unee-t/skeema/schemas/bugzilla/longdescs_tags_weights.sql (346 bytes)                                           
2019-08-30 16:30:17 [INFO]  Wrote /home/hendry/unee-t/skeema/schemas/bugzilla/lmb_units_10july18.sql (615 bytes)                                               
2019-08-30 16:30:17 [INFO]  Wrote /home/hendry/unee-t/skeema/schemas/bugzilla/keywords.sql (572 bytes)                                                         
2019-08-30 16:30:17 [INFO]  Wrote /home/hendry/unee-t/skeema/schemas/bugzilla/ut_all_units.sql (274 bytes)                                                     
2019-08-30 16:30:17 [INFO]  Wrote /home/hendry/unee-t/skeema/schemas/bugzilla/update_log_count_enabled_units.sql (858 bytes)                                   
2019-08-30 16:30:17 [ERROR] procedure `update_list_changes_new_assignee_is_real` is unexpectedly not able to be parsed by Skeema -- please file a bug at       
                            https://github.com/skeema/skeema/issues/new        
2019-08-30 16:30:17 [INFO]  Wrote /home/hendry/unee-t/skeema/schemas/bugzilla/bugs.sql (5511 bytes)                                                            
2019-08-30 16:30:17 [INFO]  Wrote /home/hendry/unee-t/skeema/schemas/bugzilla/ut_notification_case_new.sql (1405 bytes)                                        
2019-08-30 16:30:17 [INFO]  Wrote /home/hendry/unee-t/skeema/schemas/bugzilla/flagtypes.sql (1260 bytes)                                                       
2019-08-30 16:30:17 [INFO]  Wrote /home/hendry/unee-t/skeema/schemas/bugzilla/cc.sql (509 bytes)                                                               
2019-08-30 16:30:17 [INFO]  Wrote /home/hendry/unee-t/skeema/schemas/bugzilla/ut_script_log.sql (536 bytes)                                                    
2019-08-30 16:30:17 [INFO]  Wrote /home/hendry/unee-t/skeema/schemas/bugzilla/status_workflow.sql (693 bytes)                                                  
2019-08-30 16:30:17 [INFO]  Wrote /home/hendry/unee-t/skeema/schemas/bugzilla/ut_map_contractor_to_type.sql (362 bytes)                                        
2019-08-30 16:30:17 [INFO]  Wrote /home/hendry/unee-t/skeema/schemas/bugzilla/milestones.sql (596 bytes)                                                       
2019-08-30 16:30:17 [INFO]  Wrote /home/hendry/unee-t/skeema/schemas/bugzilla/versions.sql (535 bytes)                                                         
2019-08-30 16:30:17 [INFO]  Wrote /home/hendry/unee-t/skeema/schemas/bugzilla/groups.sql (534 bytes)                                                           
2019-08-30 16:30:17 [INFO]  Wrote /home/hendry/unee-t/skeema/schemas/bugzilla/ut_notification_case_assignee.sql (1900 bytes)                                   
2019-08-30 16:30:17 [INFO]  Wrote /home/hendry/unee-t/skeema/schemas/bugzilla/whine_schedules.sql (753 bytes)                                                  
2019-08-30 16:30:17 [INFO]  Wrote /home/hendry/unee-t/skeema/schemas/bugzilla/can_edit_all_field_in_a_case_regardless_of_role.sql (2453 bytes)                 
2019-08-30 16:30:17 [INFO]  Wrote /home/hendry/unee-t/skeema/schemas/bugzilla/duplicates.sql (535 bytes)                                                       
2019-08-30 16:30:17 [INFO]  Wrote /home/hendry/unee-t/skeema/schemas/bugzilla/setting.sql (371 bytes)                                                          
2019-08-30 16:30:17 [INFO]  Wrote /home/hendry/unee-t/skeema/schemas/bugzilla/bug_tag.sql (540 bytes)                                                          
2019-08-30 16:30:17 [INFO]  Wrote /home/hendry/unee-t/skeema/schemas/bugzilla/keyworddefs.sql (349 bytes)                                                      
2019-08-30 16:30:17 [INFO]  Wrote /home/hendry/unee-t/skeema/schemas/bugzilla/show_to_mgt_cny.sql (2351 bytes)                                                 
2019-08-30 16:30:17 [INFO]  Wrote /home/hendry/unee-t/skeema/schemas/bugzilla/user_in_default_cc_for_cases.sql (3306 bytes)                                    
2019-08-30 16:30:17 [INFO]  Wrote /home/hendry/unee-t/skeema/schemas/bugzilla/attachments.sql (1189 bytes)                                                     
2019-08-30 16:30:17 [INFO]  Wrote /home/hendry/unee-t/skeema/schemas/bugzilla/series.sql (1177 bytes)                                                          
2019-08-30 16:30:17 [INFO]  Wrote /home/hendry/unee-t/skeema/schemas/bugzilla/namedqueries_link_in_footer.sql (689 bytes)                                      
2019-08-30 16:30:17 [INFO]  Wrote /home/hendry/unee-t/skeema/schemas/bugzilla/tag.sql (465 bytes)                                                              
2019-08-30 16:30:17 [INFO]  Wrote /home/hendry/unee-t/skeema/schemas/bugzilla/classifications.sql (404 bytes)                                                  
2019-08-30 16:30:17 [INFO]  Wrote /home/hendry/unee-t/skeema/schemas/bugzilla/can_see_time_tracking.sql (1997 bytes)                                           
2019-08-30 16:30:17 [INFO]  Wrote /home/hendry/unee-t/skeema/schemas/bugzilla/component_cc.sql (627 bytes)                                                     
2019-08-30 16:30:17 [INFO]  Wrote /home/hendry/unee-t/skeema/schemas/bugzilla/ut_map_user_mefe_bzfe.sql (854 bytes)                                            
2019-08-30 16:30:17 [INFO]  Wrote /home/hendry/unee-t/skeema/schemas/bugzilla/rep_platform.sql (572 bytes)                                                     
2019-08-30 16:30:17 [INFO]  Wrote /home/hendry/unee-t/skeema/schemas/bugzilla/setting_value.sql (536 bytes)                                                    

2019-08-30 16:30:17 [INFO]  Populating /home/hendry/unee-t/skeema/schemas/rest_api_example                                                                     
2019-08-30 16:30:17 [INFO]  Wrote /home/hendry/unee-t/skeema/schemas/rest_api_example/users.sql (240 bytes)                                                    

2019-08-30 16:30:17 [INFO]  Populating /home/hendry/unee-t/skeema/schemas/testing                                                                              
2019-08-30 16:30:17 [INFO]  Wrote /home/hendry/unee-t/skeema/schemas/testing/GetAllProducts.sql (120 bytes)                                                    

2019-08-30 16:30:17 [INFO]  Populating /home/hendry/unee-t/skeema/schemas/unee_t_enterprise                                                                    
2019-08-30 16:30:17 [INFO]  Wrote /home/hendry/unee-t/skeema/schemas/unee_t_enterprise/uneet_enterprise_settings.sql (449 bytes)                               
2019-08-30 16:30:17 [INFO]  Wrote /home/hendry/unee-t/skeema/schemas/unee_t_enterprise/ut_data_to_create_units.sql (2744 bytes)                                
2019-08-30 16:30:17 [INFO]  Wrote /home/hendry/unee-t/skeema/schemas/unee_t_enterprise/uneet_enterprise_audit.sql (464 bytes)                                  
2019-08-30 16:30:17 [INFO]  Wrote /home/hendry/unee-t/skeema/schemas/unee_t_enterprise/uneet_enterprise_ugmembers.sql (254 bytes)                              
2019-08-30 16:30:17 [INFO]  Wrote /home/hendry/unee-t/skeema/schemas/unee_t_enterprise/ut_user_role_types.sql (1474 bytes)                                     
2019-08-30 16:30:17 [INFO]  Wrote /home/hendry/unee-t/skeema/schemas/unee_t_enterprise/ut_update_user_mefe_api_reply.sql (1029 bytes)                          
2019-08-30 16:30:17 [INFO]  Wrote /home/hendry/unee-t/skeema/schemas/unee_t_enterprise/missing_L2P_step_4.sql (548 bytes)                                      
2019-08-30 16:30:17 [INFO]  Wrote /home/hendry/unee-t/skeema/schemas/unee_t_enterprise/external_map_user_unit_role_permissions_areas.sql (3973 bytes)          
2019-08-30 16:30:17 [INFO]  Wrote /home/hendry/unee-t/skeema/schemas/unee_t_enterprise/uneet_enterprise_organizations.sql (1622 bytes)                         
2019-08-30 16:30:17 [INFO]  Wrote /home/hendry/unee-t/skeema/schemas/unee_t_enterprise/uneet_enterprise_uggroups.sql (254 bytes)                               
2019-08-30 16:30:17 [INFO]  Wrote /home/hendry/unee-t/skeema/schemas/unee_t_enterprise/property_groups_areas.sql (2872 bytes)                                  
2019-08-30 16:30:17 [ERROR] procedure `ut_bulk_assign_units_to_a_user` is unexpectedly not able to be parsed by Skeema -- please file a bug at                 
                            https://github.com/skeema/skeema/issues/new        
2019-08-30 16:30:17 [ERROR] procedure `ut_retry_assign_user_to_units_error_already_has_role` is unexpectedly not able to be parsed by Skeema -- please file a  
                            bug at https://github.com/skeema/skeema/issues/new 
2019-08-30 16:30:17 [INFO]  Wrote /home/hendry/unee-t/skeema/schemas/unee_t_enterprise/retry_create_user.sql (1155 bytes)                                      
2019-08-30 16:30:17 [INFO]  Wrote /home/hendry/unee-t/skeema/schemas/unee_t_enterprise/property_level_3_rooms.sql (4015 bytes)                                 
2019-08-30 16:30:17 [INFO]  Wrote /home/hendry/unee-t/skeema/schemas/unee_t_enterprise/ut_map_user_permissions_unit_level_2.sql (6415 bytes)                   
2019-08-30 16:30:17 [INFO]  Wrote /home/hendry/unee-t/skeema/schemas/unee_t_enterprise/external_persons.sql (5886 bytes)                                       
2019-08-30 16:30:17 [INFO]  Wrote /home/hendry/unee-t/skeema/schemas/unee_t_enterprise/lambda_update_unit.sql (1424 bytes)                                     
2019-08-30 16:30:17 [INFO]  Wrote /home/hendry/unee-t/skeema/schemas/unee_t_enterprise/external_map_user_unit_role_permissions_level_1.sql (4028 bytes)        
2019-08-30 16:30:17 [INFO]  Wrote /home/hendry/unee-t/skeema/schemas/unee_t_enterprise/remove_user_from_role_unit_level_2.sql (816 bytes)                      
2019-08-30 16:30:17 [INFO]  Wrote /home/hendry/unee-t/skeema/schemas/unee_t_enterprise/ut_creation_user_mefe_api_reply.sql (1275 bytes)                        
2019-08-30 16:30:17 [INFO]  Wrote /home/hendry/unee-t/skeema/schemas/unee_t_enterprise/ut_map_user_permissions_unit_level_1.sql (6603 bytes)                   
2019-08-30 16:30:17 [INFO]  Wrote /home/hendry/unee-t/skeema/schemas/unee_t_enterprise/lambda_add_user_to_role_in_unit_with_visibility.sql (1873 bytes)        
2019-08-30 16:30:17 [INFO]  Wrote /home/hendry/unee-t/skeema/schemas/unee_t_enterprise/person_statuses.sql (1022 bytes)                                        
2019-08-30 16:30:17 [INFO]  Wrote /home/hendry/unee-t/skeema/schemas/unee_t_enterprise/external_property_level_1_buildings.sql (4359 bytes)                    
2019-08-30 16:30:17 [INFO]  Wrote /home/hendry/unee-t/skeema/schemas/unee_t_enterprise/ut_map_user_permissions_unit_all.sql (6438 bytes)                       
2019-08-30 16:30:17 [ERROR] procedure `ut_update_user` is unexpectedly not able to be parsed by Skeema -- please file a bug at                                 
                            https://github.com/skeema/skeema/issues/new        
2019-08-30 16:30:17 [INFO]  Wrote /home/hendry/unee-t/skeema/schemas/unee_t_enterprise/persons.sql (6054 bytes)                                                
2019-08-30 16:30:17 [INFO]  Wrote /home/hendry/unee-t/skeema/schemas/unee_t_enterprise/property_level_2_units.sql (4071 bytes)                                 
2019-08-30 16:30:17 [INFO]  Wrote /home/hendry/unee-t/skeema/schemas/unee_t_enterprise/external_map_user_unit_role_permissions_level_3.sql (3706 bytes)        
2019-08-30 16:30:17 [INFO]  Wrote /home/hendry/unee-t/skeema/schemas/unee_t_enterprise/person_salutations.sql (848 bytes)                                      
2019-08-30 16:30:17 [INFO]  Wrote /home/hendry/unee-t/skeema/schemas/unee_t_enterprise/ut_creation_unit_mefe_api_reply.sql (1201 bytes)                        
2019-08-30 16:30:17 [ERROR] procedure `ut_retry_create_unit_level_1` is unexpectedly not able to be parsed by Skeema -- please file a bug at                   
                            https://github.com/skeema/skeema/issues/new        
2019-08-30 16:30:17 [INFO]  Wrote /home/hendry/unee-t/skeema/schemas/unee_t_enterprise/lambda_remove_user_from_unit.sql (989 bytes)                            
2019-08-30 16:30:17 [INFO]  Wrote /home/hendry/unee-t/skeema/schemas/unee_t_enterprise/ut_api_keys.sql (2371 bytes)                                            
2019-08-30 16:30:17 [INFO]  Wrote /home/hendry/unee-t/skeema/schemas/unee_t_enterprise/ut_unit_types.sql (1603 bytes)                                          
2019-08-30 16:30:17 [INFO]  Wrote /home/hendry/unee-t/skeema/schemas/unee_t_enterprise/external_map_user_unit_role_permissions_level_2.sql (3851 bytes)        
2019-08-30 16:30:17 [INFO]  Wrote /home/hendry/unee-t/skeema/schemas/unee_t_enterprise/missing_L2P_step_2.sql (447 bytes)                                      
2019-08-30 16:30:17 [INFO]  Wrote /home/hendry/unee-t/skeema/schemas/unee_t_enterprise/external_property_level_2_units.sql (4245 bytes)                        
2019-08-30 16:30:17 [INFO]  Wrote /home/hendry/unee-t/skeema/schemas/unee_t_enterprise/lambda_create_user.sql (1071 bytes)                                     
2019-08-30 16:30:17 [INFO]  Wrote /home/hendry/unee-t/skeema/schemas/unee_t_enterprise/lambda_update_unit_name_type.sql (1098 bytes)                           
2019-08-30 16:30:17 [INFO]  Wrote /home/hendry/unee-t/skeema/schemas/unee_t_enterprise/ut_external_sot_for_unee_t_objects.sql (2819 bytes)                     
2019-08-30 16:30:17 [INFO]  Wrote /home/hendry/unee-t/skeema/schemas/unee_t_enterprise/unitMetaData.sql (342 bytes)                                            
2019-08-30 16:30:17 [INFO]  Wrote /home/hendry/unee-t/skeema/schemas/unee_t_enterprise/missing_L2P_step_6.sql (204 bytes)                                      
2019-08-30 16:30:17 [INFO]  Wrote /home/hendry/unee-t/skeema/schemas/unee_t_enterprise/ut_map_user_permissions_unit_level_3.sql (6573 bytes)                   
2019-08-30 16:30:17 [INFO]  Wrote /home/hendry/unee-t/skeema/schemas/unee_t_enterprise/property_types_level_3_rooms.sql (1478 bytes)                           
2019-08-30 16:30:17 [INFO]  Wrote /home/hendry/unee-t/skeema/schemas/unee_t_enterprise/ut_remove_user_from_unit.sql (4263 bytes)                               
2019-08-30 16:30:17 [INFO]  Wrote /home/hendry/unee-t/skeema/schemas/unee_t_enterprise/unee_t_export_hmlet_members_from_member_list_15may2019.sql (2198 bytes) 
2019-08-30 16:30:17 [INFO]  Wrote /home/hendry/unee-t/skeema/schemas/unee_t_enterprise/missing_L2P_step_5.sql (372 bytes)                                      
2019-08-30 16:30:17 [INFO]  Wrote /home/hendry/unee-t/skeema/schemas/unee_t_enterprise/property_level_1_buildings.sql (4213 bytes)                             
2019-08-30 16:30:17 [INFO]  Wrote /home/hendry/unee-t/skeema/schemas/unee_t_enterprise/external_property_groups_areas.sql (2910 bytes)                         
2019-08-30 16:30:17 [INFO]  Wrote /home/hendry/unee-t/skeema/schemas/unee_t_enterprise/remove_user_from_role_unit_level_3.sql (818 bytes)                      
2019-08-30 16:30:17 [INFO]  Wrote /home/hendry/unee-t/skeema/schemas/unee_t_enterprise/ut_remove_user_role_association_mefe_api_reply.sql (1190 bytes)         
2019-08-30 16:30:17 [INFO]  Wrote /home/hendry/unee-t/skeema/schemas/unee_t_enterprise/ut_update_unit_mefe_api_reply.sql (1000 bytes)                          
2019-08-30 16:30:17 [INFO]  Wrote /home/hendry/unee-t/skeema/schemas/unee_t_enterprise/missing_L2P_step_1.sql (383 bytes)                                      
2019-08-30 16:30:17 [INFO]  Wrote /home/hendry/unee-t/skeema/schemas/unee_t_enterprise/retry_create_units_list_units.sql (1256 bytes)                          
2019-08-30 16:30:17 [INFO]  Wrote /home/hendry/unee-t/skeema/schemas/unee_t_enterprise/retry_assign_user_to_units_list.sql (4930 bytes)                        
2019-08-30 16:30:17 [INFO]  Wrote /home/hendry/unee-t/skeema/schemas/unee_t_enterprise/unee_t_export_hmlet_members_from_member_list_16jun2019.sql (2197 bytes) 
2019-08-30 16:30:17 [ERROR] procedure `ut_retry_assign_user_to_units_error_ownership` is unexpectedly not able to be parsed by Skeema -- please file a bug at  
                            https://github.com/skeema/skeema/issues/new        
2019-08-30 16:30:17 [INFO]  Wrote /home/hendry/unee-t/skeema/schemas/unee_t_enterprise/remove_user_from_role_unit_level_1.sql (816 bytes)                      
2019-08-30 16:30:17 [ERROR] procedure `ut_retry_create_unit_level_3` is unexpectedly not able to be parsed by Skeema -- please file a bug at                   
                            https://github.com/skeema/skeema/issues/new        
2019-08-30 16:30:17 [INFO]  Wrote /home/hendry/unee-t/skeema/schemas/unee_t_enterprise/log_lambdas.sql (1099 bytes)                                            
2019-08-30 16:30:17 [INFO]  Wrote /home/hendry/unee-t/skeema/schemas/unee_t_enterprise/external_property_level_3_rooms.sql (4000 bytes)                        
2019-08-30 16:30:17 [INFO]  Wrote /home/hendry/unee-t/skeema/schemas/unee_t_enterprise/uneet_enterprise_ugrights.sql (327 bytes)                               
2019-08-30 16:30:17 [INFO]  Wrote /home/hendry/unee-t/skeema/schemas/unee_t_enterprise/ut_map_external_source_users.sql (3500 bytes)                           
2019-08-30 16:30:17 [INFO]  Wrote /home/hendry/unee-t/skeema/schemas/unee_t_enterprise/missing_L2P_step_3.sql (2404 bytes)                                     
2019-08-30 16:30:17 [INFO]  Wrote /home/hendry/unee-t/skeema/schemas/unee_t_enterprise/lambda_update_user_profile.sql (1343 bytes)                             
2019-08-30 16:30:17 [ERROR] procedure `ut_retry_create_unit_level_2` is unexpectedly not able to be parsed by Skeema -- please file a bug at                   
                            https://github.com/skeema/skeema/issues/new        
2019-08-30 16:30:17 [INFO]  Wrote /home/hendry/unee-t/skeema/schemas/unee_t_enterprise/db_schema_version.sql (679 bytes)                                       
2019-08-30 16:30:17 [INFO]  Wrote /home/hendry/unee-t/skeema/schemas/unee_t_enterprise/unee_t_import_hmlet_members_from_member_list.sql (6489 bytes)           
2019-08-30 16:30:17 [INFO]  Wrote /home/hendry/unee-t/skeema/schemas/unee_t_enterprise/lambda_create_unit.sql (1329 bytes)                                     
2019-08-30 16:30:17 [INFO]  Wrote /home/hendry/unee-t/skeema/schemas/unee_t_enterprise/person_genders.sql (1030 bytes)                                         
2019-08-30 16:30:17 [INFO]  Wrote /home/hendry/unee-t/skeema/schemas/unee_t_enterprise/uneet_enterprise_users.sql (954 bytes)                                  
2019-08-30 16:30:17 [INFO]  Wrote /home/hendry/unee-t/skeema/schemas/unee_t_enterprise/ut_creation_user_role_association_mefe_api_reply.sql (1154 bytes)       
2019-08-30 16:30:17 [INFO]  Wrote /home/hendry/unee-t/skeema/schemas/unee_t_enterprise/ut_map_external_source_units.sql (4253 bytes)                           
2019-08-30 16:30:17 [INFO]  Wrote /home/hendry/unee-t/skeema/schemas/unee_t_enterprise/unee_t_export_hmlet_members_from_member_list_26may2019.sql (2198 bytes) 
2019-08-30 16:30:17 [INFO]  Wrote /home/hendry/unee-t/skeema/schemas/unee_t_enterprise/ut_user_types.sql (7116 bytes)                                          
2019-08-30 16:30:17 [INFO]  Wrote /home/hendry/unee-t/skeema/schemas/unee_t_enterprise/property_groups_countries.sql (1644 bytes)                              
2019-08-30 16:30:17 [INFO]  Wrote /home/hendry/unee-t/skeema/schemas/unee_t_enterprise/ut_property_types.sql (1354 bytes)                                      

[hendry@t480s skeema]$                 
